[ 2016-10-24T21:28:43+08:00 ] 127.0.0.1 /store/setting/modifyPass.html
INFO: [ app_begin ] --START--
INFO: Run Behavior\ReadHtmlCacheBehavior [ RunTime:0.000000s ]
INFO: [ app_begin ] --END-- [ RunTime:0.001000s ]
SQL: SHOW COLUMNS FROM `xy_store_user` [ RunTime:0.0140s ]
SQL: SELECT a.*,r.title as role_name FROM xy_store_user a left JOIN xy_store_auth_group as r on a.role_id=r.id  WHERE ( a.id=3 ) LIMIT 1   [ RunTime:0.0120s ]
SQL: SELECT * FROM `xy_store_user` WHERE `id` = 3 LIMIT 1   [ RunTime:0.0150s ]
NOTIC: [8] Undefined index: validate D:\wamp\www\fighting\ThinkPHP\Library\Think\Model.class.php 第 1185 行.
NOTIC: [8] Undefined index: auto D:\wamp\www\fighting\ThinkPHP\Library\Think\Model.class.php 第 1128 行.
SQL: SELECT COUNT(*) AS tp_count FROM `xy_store_user` WHERE `email` = 'sz_store_admin@qq.com' AND `id` <> '3' LIMIT 1   [ RunTime:0.0190s ]
SQL: UPDATE `xy_store_user` SET `email`='sz_store_admin@qq.com',`password`='e10adc3949ba59abbe56e057f20f883e',`login_time`='1477315723' WHERE `id` = 3 [ RunTime:0.0170s ]

[ 2016-10-24T22:51:55+08:00 ] 127.0.0.1 /Store/Login/doLogin
ERR: 1054:Unknown column '' in 'field list'
 [ SQL语句 ] : SELECT `id`,`password`,`user_name`,``,`brand_id` FROM `xy_store_user` WHERE `user_name` = 'sz_store_admin' AND `status` = 1 AND `is_del` = 0 LIMIT 1  

[ 2016-10-24T22:59:37+08:00 ] 127.0.0.1 /Store/Role/checkRole
INFO: [ app_begin ] --START--
INFO: Run Behavior\ReadHtmlCacheBehavior [ RunTime:0.001000s ]
INFO: [ app_begin ] --END-- [ RunTime:0.001000s ]
SQL: SHOW COLUMNS FROM `xy_store_user` [ RunTime:0.0150s ]
SQL: SELECT a.*,r.title as role_name FROM xy_store_user a left JOIN xy_store_auth_group as r on a.role_id=r.id  WHERE ( a.id=3 ) LIMIT 1   [ RunTime:0.0140s ]
SQL: SHOW COLUMNS FROM `xy_store_auth_group` [ RunTime:0.0210s ]
SQL: SELECT COUNT(*) AS tp_count FROM `xy_store_auth_group` WHERE `title` = '财务' LIMIT 1   [ RunTime:0.0130s ]
INFO: [ app_end ] --START--
INFO: Run Behavior\ShowPageTraceBehavior [ RunTime:0.001000s ]
INFO: [ app_end ] --END-- [ RunTime:0.001000s ]

[ 2016-10-24T22:59:39+08:00 ] 127.0.0.1 /Store/Role/checkRole
INFO: [ app_begin ] --START--
INFO: Run Behavior\ReadHtmlCacheBehavior [ RunTime:0.000000s ]
INFO: [ app_begin ] --END-- [ RunTime:0.001000s ]
SQL: SHOW COLUMNS FROM `xy_store_user` [ RunTime:0.0140s ]
SQL: SELECT a.*,r.title as role_name FROM xy_store_user a left JOIN xy_store_auth_group as r on a.role_id=r.id  WHERE ( a.id=3 ) LIMIT 1   [ RunTime:0.0350s ]
SQL: SHOW COLUMNS FROM `xy_store_auth_group` [ RunTime:0.0130s ]
SQL: SELECT COUNT(*) AS tp_count FROM `xy_store_auth_group` WHERE `title` = '财务' LIMIT 1   [ RunTime:0.0110s ]
INFO: [ app_end ] --START--
INFO: Run Behavior\ShowPageTraceBehavior [ RunTime:0.001000s ]
INFO: [ app_end ] --END-- [ RunTime:0.001000s ]

[ 2016-10-24T22:59:42+08:00 ] 127.0.0.1 /Store/Role/checkRole
INFO: [ app_begin ] --START--
INFO: Run Behavior\ReadHtmlCacheBehavior [ RunTime:0.001000s ]
INFO: [ app_begin ] --END-- [ RunTime:0.002000s ]
SQL: SHOW COLUMNS FROM `xy_store_user` [ RunTime:0.0140s ]
SQL: SELECT a.*,r.title as role_name FROM xy_store_user a left JOIN xy_store_auth_group as r on a.role_id=r.id  WHERE ( a.id=3 ) LIMIT 1   [ RunTime:0.0140s ]
SQL: SHOW COLUMNS FROM `xy_store_auth_group` [ RunTime:0.0160s ]
SQL: SELECT COUNT(*) AS tp_count FROM `xy_store_auth_group` WHERE `title` = '财务' LIMIT 1   [ RunTime:0.0130s ]
INFO: [ app_end ] --START--
INFO: Run Behavior\ShowPageTraceBehavior [ RunTime:0.001000s ]
INFO: [ app_end ] --END-- [ RunTime:0.001000s ]

[ 2016-10-24T22:59:43+08:00 ] 127.0.0.1 /Store/Role/checkRole
INFO: [ app_begin ] --START--
INFO: Run Behavior\ReadHtmlCacheBehavior [ RunTime:0.001000s ]
INFO: [ app_begin ] --END-- [ RunTime:0.001000s ]
SQL: SHOW COLUMNS FROM `xy_store_user` [ RunTime:0.0140s ]
SQL: SELECT a.*,r.title as role_name FROM xy_store_user a left JOIN xy_store_auth_group as r on a.role_id=r.id  WHERE ( a.id=3 ) LIMIT 1   [ RunTime:0.0120s ]
SQL: SHOW COLUMNS FROM `xy_store_auth_group` [ RunTime:0.0130s ]
SQL: SELECT COUNT(*) AS tp_count FROM `xy_store_auth_group` WHERE `title` = '财务' LIMIT 1   [ RunTime:0.0110s ]
INFO: [ app_end ] --START--
INFO: Run Behavior\ShowPageTraceBehavior [ RunTime:0.001000s ]
INFO: [ app_end ] --END-- [ RunTime:0.002000s ]

[ 2016-10-24T23:01:41+08:00 ] 127.0.0.1 /Store/Role/add
INFO: [ app_begin ] --START--
INFO: Run Behavior\ReadHtmlCacheBehavior [ RunTime:0.000000s ]
INFO: [ app_begin ] --END-- [ RunTime:0.001001s ]
SQL: SHOW COLUMNS FROM `xy_store_user` [ RunTime:0.0140s ]
SQL: SELECT a.*,r.title as role_name FROM xy_store_user a left JOIN xy_store_auth_group as r on a.role_id=r.id  WHERE ( a.id=3 ) LIMIT 1   [ RunTime:0.0140s ]
SQL: SHOW COLUMNS FROM `xy_store_auth_group` [ RunTime:0.0140s ]
NOTIC: [8] Undefined index: validate D:\wamp\www\fighting\ThinkPHP\Library\Think\Model.class.php 第 1185 行.
NOTIC: [8] Undefined index: auto D:\wamp\www\fighting\ThinkPHP\Library\Think\Model.class.php 第 1128 行.
SQL: INSERT INTO `xy_store_auth_group` (`id`,`title`,`status`,`store_id`) VALUES ('0','财务','1','4') [ RunTime:0.0140s ]

[ 2016-10-24T23:52:29+08:00 ] 127.0.0.1 /Store/Role/addAdmin
INFO: [ app_begin ] --START--
INFO: Run Behavior\ReadHtmlCacheBehavior [ RunTime:0.001000s ]
INFO: [ app_begin ] --END-- [ RunTime:0.004001s ]
SQL: SHOW COLUMNS FROM `xy_store_user` [ RunTime:0.0170s ]
SQL: SELECT a.*,r.title as role_name FROM xy_store_user a left JOIN xy_store_auth_group as r on a.role_id=r.id  WHERE ( a.id=3 ) LIMIT 1   [ RunTime:0.0130s ]
NOTIC: [8] Undefined index: validate D:\wamp\www\fighting\ThinkPHP\Library\Think\Model.class.php 第 1185 行.
NOTIC: [8] Undefined index: auto D:\wamp\www\fighting\ThinkPHP\Library\Think\Model.class.php 第 1128 行.

[ 2016-10-24T23:52:37+08:00 ] 127.0.0.1 /Store/Role/addAdmin
INFO: [ app_begin ] --START--
INFO: Run Behavior\ReadHtmlCacheBehavior [ RunTime:0.000000s ]
INFO: [ app_begin ] --END-- [ RunTime:0.001000s ]
SQL: SHOW COLUMNS FROM `xy_store_user` [ RunTime:0.0140s ]
SQL: SELECT a.*,r.title as role_name FROM xy_store_user a left JOIN xy_store_auth_group as r on a.role_id=r.id  WHERE ( a.id=3 ) LIMIT 1   [ RunTime:0.0150s ]
NOTIC: [8] Undefined index: validate D:\wamp\www\fighting\ThinkPHP\Library\Think\Model.class.php 第 1185 行.
NOTIC: [8] Undefined index: auto D:\wamp\www\fighting\ThinkPHP\Library\Think\Model.class.php 第 1128 行.

[ 2016-10-24T23:53:05+08:00 ] 127.0.0.1 /Store/Role/addAdmin
INFO: [ app_begin ] --START--
INFO: Run Behavior\ReadHtmlCacheBehavior [ RunTime:0.001000s ]
INFO: [ app_begin ] --END-- [ RunTime:0.001000s ]
SQL: SHOW COLUMNS FROM `xy_store_user` [ RunTime:0.0170s ]
SQL: SELECT a.*,r.title as role_name FROM xy_store_user a left JOIN xy_store_auth_group as r on a.role_id=r.id  WHERE ( a.id=3 ) LIMIT 1   [ RunTime:0.0390s ]
NOTIC: [8] Undefined index: validate D:\wamp\www\fighting\ThinkPHP\Library\Think\Model.class.php 第 1185 行.
NOTIC: [8] Undefined index: auto D:\wamp\www\fighting\ThinkPHP\Library\Think\Model.class.php 第 1128 行.
SQL: INSERT INTO `xy_store_user` (`id`,`user_name`,`email`,`role_id`,`password`,`status`,`login_time`) VALUES ('0','苏州的财务','szdcw@qq.com','4','e10adc3949ba59abbe56e057f20f883e','1','1477324385') [ RunTime:0.0140s ]

[ 2016-10-24T23:56:07+08:00 ] 127.0.0.1 /Store/Role/addAdmin
INFO: [ app_begin ] --START--
INFO: Run Behavior\ReadHtmlCacheBehavior [ RunTime:0.001000s ]
INFO: [ app_begin ] --END-- [ RunTime:0.002000s ]
SQL: SHOW COLUMNS FROM `xy_store_user` [ RunTime:0.0150s ]
SQL: SELECT a.*,r.title as role_name FROM xy_store_user a left JOIN xy_store_auth_group as r on a.role_id=r.id  WHERE ( a.id=3 ) LIMIT 1   [ RunTime:0.0170s ]
NOTIC: [8] Undefined index: validate D:\wamp\www\fighting\ThinkPHP\Library\Think\Model.class.php 第 1185 行.
NOTIC: [8] Undefined index: auto D:\wamp\www\fighting\ThinkPHP\Library\Think\Model.class.php 第 1128 行.
SQL: INSERT INTO `xy_store_user` (`id`,`user_name`,`email`,`role_id`,`password`,`status`,`login_time`,`store_id`) VALUES ('0','苏州的财务2','c7sdf7asd9@qq.com','4','e10adc3949ba59abbe56e057f20f883e','1','1477324567','4') [ RunTime:0.0560s ]

