[ 2016-10-24T23:42:04+08:00 ] 127.0.0.1 /Admin/Role/editAdmin?admin_id=4
INFO: [ app_begin ] --START--
INFO: Run Behavior\ReadHtmlCacheBehavior [ RunTime:0.001000s ]
INFO: [ app_begin ] --END-- [ RunTime:0.002000s ]
SQL: SHOW COLUMNS FROM `xy_admin_user` [ RunTime:0.0130s ]
SQL: SELECT a.*,r.title as role_name FROM xy_admin_user a left JOIN xy_auth_group as r on a.role_id=r.id  WHERE ( a.id=1 ) LIMIT 1   [ RunTime:0.0140s ]
NOTIC: [8] Undefined index: validate D:\wamp\www\fighting\ThinkPHP\Library\Think\Model.class.php 第 1185 行.
NOTIC: [8] Undefined index: auto D:\wamp\www\fighting\ThinkPHP\Library\Think\Model.class.php 第 1128 行.
SQL: SELECT COUNT(*) AS tp_count FROM `xy_admin_user` WHERE `email` = '123456@qq.com' AND `id` <> 4 LIMIT 1   [ RunTime:0.0120s ]

[ 2016-10-24T23:42:08+08:00 ] 127.0.0.1 /Admin/Role/editAdmin?admin_id=4
INFO: [ app_begin ] --START--
INFO: Run Behavior\ReadHtmlCacheBehavior [ RunTime:0.000000s ]
INFO: [ app_begin ] --END-- [ RunTime:0.001000s ]
SQL: SHOW COLUMNS FROM `xy_admin_user` [ RunTime:0.0120s ]
SQL: SELECT a.*,r.title as role_name FROM xy_admin_user a left JOIN xy_auth_group as r on a.role_id=r.id  WHERE ( a.id=1 ) LIMIT 1   [ RunTime:0.0120s ]
NOTIC: [8] Undefined index: validate D:\wamp\www\fighting\ThinkPHP\Library\Think\Model.class.php 第 1185 行.
NOTIC: [8] Undefined index: auto D:\wamp\www\fighting\ThinkPHP\Library\Think\Model.class.php 第 1128 行.
SQL: SELECT COUNT(*) AS tp_count FROM `xy_admin_user` WHERE `email` = '123456@qq.com' AND `id` <> 4 LIMIT 1   [ RunTime:0.0120s ]

[ 2016-10-24T23:43:28+08:00 ] 127.0.0.1 /Admin/Role/editAdmin?admin_id=4
INFO: [ app_begin ] --START--
INFO: Run Behavior\ReadHtmlCacheBehavior [ RunTime:0.001000s ]
INFO: [ app_begin ] --END-- [ RunTime:0.002000s ]
SQL: SHOW COLUMNS FROM `xy_admin_user` [ RunTime:0.2990s ]
SQL: SELECT a.*,r.title as role_name FROM xy_admin_user a left JOIN xy_auth_group as r on a.role_id=r.id  WHERE ( a.id=1 ) LIMIT 1   [ RunTime:0.1010s ]
NOTIC: [8] Undefined index: validate D:\wamp\www\fighting\ThinkPHP\Library\Think\Model.class.php 第 1185 行.
NOTIC: [8] Undefined index: auto D:\wamp\www\fighting\ThinkPHP\Library\Think\Model.class.php 第 1128 行.
SQL: SELECT COUNT(*) AS tp_count FROM `xy_admin_user` WHERE `email` = '123456@qq.com' AND `id` <> 4 LIMIT 1   [ RunTime:0.6050s ]
SQL: UPDATE `xy_admin_user` SET `email`='123456@qq.com',`role_id`='6',`status`='1' WHERE `id` = 4 [ RunTime:0.0250s ]

[ 2016-10-24T23:43:35+08:00 ] 127.0.0.1 /Admin/Role/editAdmin?admin_id=4
INFO: [ app_begin ] --START--
INFO: Run Behavior\ReadHtmlCacheBehavior [ RunTime:0.000000s ]
INFO: [ app_begin ] --END-- [ RunTime:0.001000s ]
SQL: SHOW COLUMNS FROM `xy_admin_user` [ RunTime:0.0130s ]
SQL: SELECT a.*,r.title as role_name FROM xy_admin_user a left JOIN xy_auth_group as r on a.role_id=r.id  WHERE ( a.id=1 ) LIMIT 1   [ RunTime:0.0140s ]
NOTIC: [8] Undefined index: validate D:\wamp\www\fighting\ThinkPHP\Library\Think\Model.class.php 第 1185 行.
NOTIC: [8] Undefined index: auto D:\wamp\www\fighting\ThinkPHP\Library\Think\Model.class.php 第 1128 行.
SQL: SELECT COUNT(*) AS tp_count FROM `xy_admin_user` WHERE `email` = '123456@qq.com' AND `id` <> 4 LIMIT 1   [ RunTime:0.0110s ]
SQL: UPDATE `xy_admin_user` SET `email`='123456@qq.com',`role_id`='6',`status`='1' WHERE `id` = 4 [ RunTime:0.0150s ]

[ 2016-10-24T23:44:25+08:00 ] 127.0.0.1 /Admin/Role/editAdmin?admin_id=4
INFO: [ app_begin ] --START--
INFO: Run Behavior\ReadHtmlCacheBehavior [ RunTime:0.001000s ]
INFO: [ app_begin ] --END-- [ RunTime:0.001000s ]
SQL: SHOW COLUMNS FROM `xy_admin_user` [ RunTime:0.0130s ]
SQL: SELECT a.*,r.title as role_name FROM xy_admin_user a left JOIN xy_auth_group as r on a.role_id=r.id  WHERE ( a.id=1 ) LIMIT 1   [ RunTime:0.0170s ]
NOTIC: [8] Undefined index: validate D:\wamp\www\fighting\ThinkPHP\Library\Think\Model.class.php 第 1185 行.
NOTIC: [8] Undefined index: auto D:\wamp\www\fighting\ThinkPHP\Library\Think\Model.class.php 第 1128 行.
SQL: SELECT COUNT(*) AS tp_count FROM `xy_admin_user` WHERE `email` = '123456@qq.com' AND `id` <> 4 LIMIT 1   [ RunTime:0.0140s ]
SQL: UPDATE `xy_admin_user` SET `email`='123456@qq.com',`role_id`='6',`status`='1',`login_time`='1477323865' WHERE `id` = 4 [ RunTime:0.0260s ]
SQL: SHOW COLUMNS FROM `xy_auth_group_access` [ RunTime:0.0160s ]
SQL: SELECT COUNT(*) AS tp_count FROM `xy_auth_group_access` WHERE `uid` = 4 LIMIT 1   [ RunTime:0.0160s ]
SQL: INSERT INTO `xy_auth_group_access` (`uid`,`group_id`) VALUES ('4','6') [ RunTime:0.0130s ]

[ 2016-10-24T23:44:49+08:00 ] 127.0.0.1 /Admin/Role/editAdmin?admin_id=2
INFO: [ app_begin ] --START--
INFO: Run Behavior\ReadHtmlCacheBehavior [ RunTime:0.001000s ]
INFO: [ app_begin ] --END-- [ RunTime:0.002000s ]
SQL: SHOW COLUMNS FROM `xy_admin_user` [ RunTime:0.0120s ]
SQL: SELECT a.*,r.title as role_name FROM xy_admin_user a left JOIN xy_auth_group as r on a.role_id=r.id  WHERE ( a.id=1 ) LIMIT 1   [ RunTime:0.0140s ]
NOTIC: [8] Undefined index: validate D:\wamp\www\fighting\ThinkPHP\Library\Think\Model.class.php 第 1185 行.
NOTIC: [8] Undefined index: auto D:\wamp\www\fighting\ThinkPHP\Library\Think\Model.class.php 第 1128 行.
SQL: SELECT COUNT(*) AS tp_count FROM `xy_admin_user` WHERE `email` = '299783009@qq.com' AND `id` <> 2 LIMIT 1   [ RunTime:0.0120s ]
SQL: UPDATE `xy_admin_user` SET `email`='299783009@qq.com',`role_id`='2',`status`='1',`login_time`='1477323889' WHERE `id` = 2 [ RunTime:0.0330s ]
SQL: SHOW COLUMNS FROM `xy_auth_group_access` [ RunTime:0.0140s ]
SQL: SELECT COUNT(*) AS tp_count FROM `xy_auth_group_access` WHERE `uid` = 2 LIMIT 1   [ RunTime:0.0130s ]
NOTIC: [2] Illegal offset type in isset or empty D:\wamp\www\fighting\ThinkPHP\Library\Think\Model.class.php 第 445 行.
SQL: UPDATE `xy_auth_group_access` SET `group_id`='2' WHERE `uid` = 2 [ RunTime:0.0140s ]

[ 2016-10-24T23:50:46+08:00 ] 127.0.0.1 /Admin/Brand/editAdmin
INFO: [ app_begin ] --START--
INFO: Run Behavior\ReadHtmlCacheBehavior [ RunTime:0.000000s ]
INFO: [ app_begin ] --END-- [ RunTime:0.002000s ]
SQL: SHOW COLUMNS FROM `xy_admin_user` [ RunTime:0.0140s ]
SQL: SELECT a.*,r.title as role_name FROM xy_admin_user a left JOIN xy_auth_group as r on a.role_id=r.id  WHERE ( a.id=1 ) LIMIT 1   [ RunTime:0.0730s ]
SQL: SHOW COLUMNS FROM `xy_brand_user` [ RunTime:0.0350s ]
NOTIC: [8] Undefined index: validate D:\wamp\www\fighting\ThinkPHP\Library\Think\Model.class.php 第 1185 行.
NOTIC: [8] Undefined index: auto D:\wamp\www\fighting\ThinkPHP\Library\Think\Model.class.php 第 1128 行.
SQL: SELECT COUNT(*) AS tp_count FROM `xy_brand_user` WHERE `email` = 'sz_admin@qq.com' AND `id` <> 1 LIMIT 1   [ RunTime:0.0270s ]
SQL: UPDATE `xy_brand_user` SET `brand_id`='2',`user_name`='sz_admin',`email`='sz_admin@qq.com',`expire_time`='1483230817',`status`='1',`login_time`='1477324246' WHERE `id` = 1 [ RunTime:0.0250s ]

[ 2016-10-24T23:51:02+08:00 ] 127.0.0.1 /Admin/Brand/editAdmin
INFO: [ app_begin ] --START--
INFO: Run Behavior\ReadHtmlCacheBehavior [ RunTime:0.001000s ]
INFO: [ app_begin ] --END-- [ RunTime:0.001000s ]
SQL: SHOW COLUMNS FROM `xy_admin_user` [ RunTime:0.0140s ]
SQL: SELECT a.*,r.title as role_name FROM xy_admin_user a left JOIN xy_auth_group as r on a.role_id=r.id  WHERE ( a.id=1 ) LIMIT 1   [ RunTime:0.0130s ]
SQL: SHOW COLUMNS FROM `xy_brand_user` [ RunTime:0.0140s ]
NOTIC: [8] Undefined index: validate D:\wamp\www\fighting\ThinkPHP\Library\Think\Model.class.php 第 1185 行.
NOTIC: [8] Undefined index: auto D:\wamp\www\fighting\ThinkPHP\Library\Think\Model.class.php 第 1128 行.
SQL: SELECT COUNT(*) AS tp_count FROM `xy_brand_user` WHERE `email` = 'sz_admin@qq.com' AND `id` <> 1 LIMIT 1   [ RunTime:0.0140s ]
SQL: UPDATE `xy_brand_user` SET `brand_id`='2',`user_name`='sz_admin',`email`='sz_admin@qq.com',`password`='21232f297a57a5a743894a0e4a801fc3',`expire_time`='1483230817',`status`='1',`login_time`='1477324262' WHERE `id` = 1 [ RunTime:0.0160s ]

[ 2016-10-24T23:51:11+08:00 ] 127.0.0.1 /Admin/Brand/editAdmin
INFO: [ app_begin ] --START--
INFO: Run Behavior\ReadHtmlCacheBehavior [ RunTime:0.001000s ]
INFO: [ app_begin ] --END-- [ RunTime:0.002000s ]
SQL: SHOW COLUMNS FROM `xy_admin_user` [ RunTime:0.0140s ]
SQL: SELECT a.*,r.title as role_name FROM xy_admin_user a left JOIN xy_auth_group as r on a.role_id=r.id  WHERE ( a.id=1 ) LIMIT 1   [ RunTime:0.0130s ]
SQL: SHOW COLUMNS FROM `xy_brand_user` [ RunTime:0.0130s ]
NOTIC: [8] Undefined index: validate D:\wamp\www\fighting\ThinkPHP\Library\Think\Model.class.php 第 1185 行.
NOTIC: [8] Undefined index: auto D:\wamp\www\fighting\ThinkPHP\Library\Think\Model.class.php 第 1128 行.
SQL: SELECT COUNT(*) AS tp_count FROM `xy_brand_user` WHERE `email` = 'sz_admin@qq.com' AND `id` <> 1 LIMIT 1   [ RunTime:0.0120s ]
SQL: UPDATE `xy_brand_user` SET `brand_id`='2',`user_name`='sz_admin',`email`='sz_admin@qq.com',`password`='e10adc3949ba59abbe56e057f20f883e',`expire_time`='1483230817',`status`='1',`login_time`='1477324271' WHERE `id` = 1 [ RunTime:0.0150s ]

